<?xml version="1.0" encoding="UTF-8"?>
<testsuite name="com.example.land.service.LandServiceImplTest" tests="0" skipped="0" failures="0" errors="0" timestamp="1970-01-01T00:00:00" hostname="baaam.local" time="0.0">
  <properties/>
  <system-out><![CDATA[16:50:22.523 [Test worker] INFO org.springframework.test.context.support.AnnotationConfigContextLoaderUtils -- Could not detect default configuration classes for test class [com.example.land.service.LandServiceImplTest]: LandServiceImplTest does not declare any static, non-private, non-final, nested classes annotated with @Configuration.
16:50:22.575 [Test worker] INFO org.springframework.boot.test.context.SpringBootTestContextBootstrapper -- Found @SpringBootConfiguration com.example.land.LandApplication for test class com.example.land.service.LandServiceImplTest
]]></system-out>
  <system-err><![CDATA[]]></system-err>
</testsuite>
